<?xml version="1.0" encoding="UTF-8"?>
<!-- Generated by org.testng.reporters.JUnitReportReporter -->
<testsuite skipped="0" hostname="DESKTOP-8RCLCNV" name="Sample.Demo.App" tests="1" failures="0" timestamp="2020-09-14T17:58:38 IST" time="0.022" errors="0">
  <testcase name="name" time="0.022" classname="Sample.Demo.App"/>
</testsuite> <!-- Sample.Demo.App -->
